<?xml version="1.0" encoding="UTF-8"?>
<!-- Generated by org.testng.reporters.JUnitXMLReporter -->
<testsuite ignored="3" hostname="DESKTOP-DCEJNHE" failures="0" tests="2" name="Test" time="72.979" errors="0" timestamp="2022-03-09T12:07:15 CET">
  <testcase classname="MyFramework.NavigateToLoginPage" name="automationPageFrameNavigation" time="36.261"/>
  <testcase classname="homePageValidation.HideShowButtonTest" name="hideShowButtonTest" time="36.667"/>
  <testcase classname="homePageValidation.LinkValidation" name="homePageValidation" time="0.0">
    <ignored/>
  </testcase> <!-- homePageValidation -->
  <testcase classname="MyFramework.DriverManagerTest" name="testDriverManager" time="0.0">
    <ignored/>
  </testcase> <!-- testDriverManager -->
  <testcase classname="MyFramework.NavigateToLoginPage" name="navigateToLoginPage" time="0.0">
    <ignored/>
  </testcase> <!-- navigateToLoginPage -->
</testsuite> <!-- Test -->
