<?xml version="1.0" encoding="UTF-8"?>
<!-- Generated by org.testng.reporters.JUnitXMLReporter -->
<testsuite ignored="1" hostname="DESKTOP-DCEJNHE" failures="0" tests="1" name="Default test" time="27.681" errors="0" timestamp="2022-03-18T21:11:35 CET">
  <testcase classname="MyFramework.NavigateToLoginPage" name="navigateToLoginPage" time="26.819"/>
  <testcase classname="MyFramework.NavigateToLoginPage" name="automationPageFrameNavigation" time="0.0">
    <ignored/>
  </testcase> <!-- automationPageFrameNavigation -->
</testsuite> <!-- Default test -->
