<?xml version="1.0" encoding="UTF-8"?>
<!-- Generated by org.testng.reporters.JUnitXMLReporter -->
<testsuite ignored="1" hostname="Pavles-MacBook-Pro.local" failures="0" tests="1" name="Default test" time="65.614" errors="0" timestamp="2022-03-24T15:31:05 CET">
  <testcase classname="MyFramework.NavigateToLoginPage" name="navigateToLoginPage" time="65.409"/>
  <testcase classname="MyFramework.NavigateToLoginPage" name="automationPageFrameNavigation" time="0.0">
    <ignored/>
  </testcase> <!-- automationPageFrameNavigation -->
</testsuite> <!-- Default test -->
