<?xml version="1.0" encoding="UTF-8"?>
<!-- Generated by org.testng.reporters.JUnitXMLReporter -->
<testsuite ignored="3" hostname="DESKTOP-DCEJNHE" failures="1" tests="2" name="Test" time="64.735" errors="0" timestamp="2022-03-09T11:56:41 CET">
  <testcase classname="homePageValidation.LinkValidation" name="homePageValidation" time="33.447">
    <failure type="java.lang.AssertionError" message="The following asserts failed:
	The link with TextBroken Link is broken with code404 expected [true] but found [false]">
      <![CDATA[java.lang.AssertionError: The following asserts failed:
The link with TextBroken Link is broken with code404 expected [true] but found [false]
at pages.AutomationPracticePage.validateAllLinks(AutomationPracticePage.java:74)
at homePageValidation.LinkValidation.homePageValidation(LinkValidation.java:29)
at java.base/java.util.ArrayList.forEach(ArrayList.java:1511)
... Removed 29 stack frames]]>
    </failure>
  </testcase> <!-- homePageValidation -->
  <testcase classname="MyFramework.NavigateToLoginPage" name="navigateToLoginPage" time="31.24"/>
  <testcase classname="MyFramework.NavigateToLoginPage" name="automationPageFrameNavigation" time="0.0">
    <ignored/>
  </testcase> <!-- automationPageFrameNavigation -->
  <testcase classname="homePageValidation.HideShowButtonTest" name="hideShowButtonTest" time="0.0">
    <ignored/>
  </testcase> <!-- hideShowButtonTest -->
  <testcase classname="MyFramework.DriverManagerTest" name="testDriverManager" time="0.0">
    <ignored/>
  </testcase> <!-- testDriverManager -->
</testsuite> <!-- Test -->
