<?xml version="1.0" encoding="UTF-8"?>
<testsuite xmlns:xsi="http://www.w3.org/2001/XMLSchema-instance" xsi:noNamespaceSchemaLocation="https://maven.apache.org/surefire/maven-surefire-plugin/xsd/surefire-test-report-3.0.xsd" version="3.0" name="TestSuite" time="64.615" tests="5" errors="0" skipped="0" failures="1">
  <properties>
[...]
</properties>
  <testcase name="testToFail" classname="MyFramework.SomeTestToFail" time="27.498">
    <failure message="expected [true] but found [false]" type="java.lang.AssertionError"><![CDATA[java.lang.AssertionError: expected [true] but found [false]
	at MyFramework.SomeTestToFail.testToFail(SomeTestToFail.java:41)
]]></failure>
    <system-out><![CDATA[Browser from maven comand is: chrome
Browser from maven comand is: chrome
Headless value from maven comand: default
Headless value from maven comand: default
Headless value from data.properties: true
Browser from maven comand is: chrome
Headless value from maven comand: default
Browser from maven comand is: chrome
Headless value from maven comand: default
Headless value from data.properties: true
Headless value from data.properties: true
Headless value from data.properties: true
THREAD_ID: [21]
THREAD_ID: [20]
THREAD_ID: [18]
THREAD_ID: [22]
CHROME_ID: [f233bf078f202217958f090938b414a7]
CHROME_ID: [e58f2e88c5bc49dd1df45d8054d9783d]
CHROME_ID: [573c386420687cf53673321053f2790a]
CHROME_ID: [6ff24a6d8b55e08a6407f57c37dbaa3e]
Opening Home Page URL: https://qaclickacademy.com
Opening Home Page URL: https://qaclickacademy.com
Opening Automation Page URL: https://www.rahulshettyacademy.com/AutomationPractice/
Opening Automation Page URL: https://www.rahulshettyacademy.com/AutomationPractice/
02:53:45.796 [TestNG-tests-5] INFO   - Screenshot on failure saved: [C:\Users\Pavle\SeleniumTraining\FrameworkPractice/reports/testToFail1647481997727.png].
]]></system-out>
    <system-err><![CDATA[[TestNG-tests-3] INFO io.github.bonigarcia.wdm.WebDriverManager - Using chromedriver 99.0.4844.51 (resolved driver for Chrome 99)
[TestNG-tests-5] INFO io.github.bonigarcia.wdm.WebDriverManager - Using chromedriver 99.0.4844.51 (resolved driver for Chrome 99)
[TestNG-tests-4] INFO io.github.bonigarcia.wdm.WebDriverManager - Using chromedriver 99.0.4844.51 (resolved driver for Chrome 99)
[TestNG-tests-1] INFO io.github.bonigarcia.wdm.WebDriverManager - Using chromedriver 99.0.4844.51 (resolved driver for Chrome 99)
[TestNG-tests-3] INFO io.github.bonigarcia.wdm.WebDriverManager - Exporting webdriver.chrome.driver as C:\Users\Pavle\.cache\selenium\chromedriver\win32\99.0.4844.51\chromedriver.exe
[TestNG-tests-4] INFO io.github.bonigarcia.wdm.WebDriverManager - Exporting webdriver.chrome.driver as C:\Users\Pavle\.cache\selenium\chromedriver\win32\99.0.4844.51\chromedriver.exe
[TestNG-tests-1] INFO io.github.bonigarcia.wdm.WebDriverManager - Exporting webdriver.chrome.driver as C:\Users\Pavle\.cache\selenium\chromedriver\win32\99.0.4844.51\chromedriver.exe
[TestNG-tests-5] INFO io.github.bonigarcia.wdm.WebDriverManager - Exporting webdriver.chrome.driver as C:\Users\Pavle\.cache\selenium\chromedriver\win32\99.0.4844.51\chromedriver.exe
[TestNG-tests-1] INFO io.github.bonigarcia.wdm.WebDriverManager - Using chromedriver 99.0.4844.51 (resolved driver for Chrome 99)
[TestNG-tests-4] INFO io.github.bonigarcia.wdm.WebDriverManager - Using chromedriver 99.0.4844.51 (resolved driver for Chrome 99)
[TestNG-tests-1] INFO io.github.bonigarcia.wdm.WebDriverManager - Exporting webdriver.chrome.driver as C:\Users\Pavle\.cache\selenium\chromedriver\win32\99.0.4844.51\chromedriver.exe
[TestNG-tests-5] INFO io.github.bonigarcia.wdm.WebDriverManager - Using chromedriver 99.0.4844.51 (resolved driver for Chrome 99)
[TestNG-tests-4] INFO io.github.bonigarcia.wdm.WebDriverManager - Exporting webdriver.chrome.driver as C:\Users\Pavle\.cache\selenium\chromedriver\win32\99.0.4844.51\chromedriver.exe
[TestNG-tests-3] INFO io.github.bonigarcia.wdm.WebDriverManager - Using chromedriver 99.0.4844.51 (resolved driver for Chrome 99)
[TestNG-tests-5] INFO io.github.bonigarcia.wdm.WebDriverManager - Exporting webdriver.chrome.driver as C:\Users\Pavle\.cache\selenium\chromedriver\win32\99.0.4844.51\chromedriver.exe
[TestNG-tests-3] INFO io.github.bonigarcia.wdm.WebDriverManager - Exporting webdriver.chrome.driver as C:\Users\Pavle\.cache\selenium\chromedriver\win32\99.0.4844.51\chromedriver.exe
Starting ChromeDriver 99.0.4844.51 (d537ec02474b5afe23684e7963d538896c63ac77-refs/branch-heads/4844@{#875}) on port 51257
Only local connections are allowed.
Please see https://chromedriver.chromium.org/security-considerations for suggestions on keeping ChromeDriver safe.
Starting ChromeDriver 99.0.4844.51 (d537ec02474b5afe23684e7963d538896c63ac77-refs/branch-heads/4844@{#875}) on port 59940
Only local connections are allowed.
Please see https://chromedriver.chromium.org/security-considerations for suggestions on keeping ChromeDriver safe.
ChromeDriver was started successfully.
Starting ChromeDriver 99.0.4844.51 (d537ec02474b5afe23684e7963d538896c63ac77-refs/branch-heads/4844@{#875}) on port 63184
Only local connections are allowed.
Please see https://chromedriver.chromium.org/security-considerations for suggestions on keeping ChromeDriver safe.
ChromeDriver was started successfully.
ChromeDriver was started successfully.
Starting ChromeDriver 99.0.4844.51 (d537ec02474b5afe23684e7963d538896c63ac77-refs/branch-heads/4844@{#875}) on port 59389
Only local connections are allowed.
Please see https://chromedriver.chromium.org/security-considerations for suggestions on keeping ChromeDriver safe.
ChromeDriver was started successfully.
Mar 17, 2022 2:53:21 AM org.openqa.selenium.remote.ProtocolHandshake createSession
INFO: Detected dialect: W3C
Mar 17, 2022 2:53:21 AM org.openqa.selenium.remote.ProtocolHandshake createSession
INFO: Detected dialect: W3C
Mar 17, 2022 2:53:21 AM org.openqa.selenium.remote.ProtocolHandshake createSession
INFO: Detected dialect: W3C
Mar 17, 2022 2:53:21 AM org.openqa.selenium.remote.ProtocolHandshake createSession
INFO: Detected dialect: W3C
Mar 17, 2022 2:53:21 AM org.openqa.selenium.devtools.CdpVersionFinder findNearestMatch
WARNING: Unable to find an exact match for CDP version 99, so returning the closest version found: 97
Mar 17, 2022 2:53:21 AM org.openqa.selenium.devtools.CdpVersionFinder findNearestMatch
WARNING: Unable to find an exact match for CDP version 99, so returning the closest version found: 97
Mar 17, 2022 2:53:21 AM org.openqa.selenium.devtools.CdpVersionFinder findNearestMatch
WARNING: Unable to find an exact match for CDP version 99, so returning the closest version found: 97
Mar 17, 2022 2:53:21 AM org.openqa.selenium.devtools.CdpVersionFinder findNearestMatch
WARNING: Unable to find an exact match for CDP version 99, so returning the closest version found: 97
Mar 17, 2022 2:53:21 AM org.openqa.selenium.devtools.CdpVersionFinder findNearestMatch
INFO: Found CDP implementation for version 99 of 97
Mar 17, 2022 2:53:21 AM org.openqa.selenium.devtools.CdpVersionFinder findNearestMatch
INFO: Found CDP implementation for version 99 of 97
Mar 17, 2022 2:53:21 AM org.openqa.selenium.devtools.CdpVersionFinder findNearestMatch
INFO: Found CDP implementation for version 99 of 97
Mar 17, 2022 2:53:21 AM org.openqa.selenium.devtools.CdpVersionFinder findNearestMatch
INFO: Found CDP implementation for version 99 of 97
]]></system-err>
  </testcase>
  <testcase name="automationPageFrameNavigation" classname="MyFramework.NavigateToLoginPage" time="37.157">
    <system-out><![CDATA[Closing driver!
Driver is now closed!
02:53:55.467 [TestNG-tests-1] INFO   - automationPageFrameNavigation: PASSED WOOOHOOO!
]]></system-out>
  </testcase>
  <testcase name="navigateToLoginPage" classname="MyFramework.NavigateToLoginPage" time="24.28">
    <system-out><![CDATA[Reset Password
02:54:19.756 [TestNG-tests-1] INFO   - navigateToLoginPage: PASSED WOOOHOOO!
]]></system-out>
  </testcase>
  <testcase name="hideShowButtonTest" classname="homePageValidation.HideShowButtonTest" time="18.317">
    <system-out><![CDATA[Browser from maven comand is: chrome
Headless value from maven comand: default
Headless value from data.properties: true
THREAD_ID: [18]
CHROME_ID: [827ad86d6956fe9b1ff9f5125513ce75]
Opening Home Page URL: https://qaclickacademy.com
Number of link on Automation Practice Page is: [20]
200
301
200
200
200
200
404
02:54:13.785 [TestNG-tests-4] INFO   - hideShowButtonTest: PASSED WOOOHOOO!
]]></system-out>
    <system-err><![CDATA[[TestNG-tests-1] INFO io.github.bonigarcia.wdm.WebDriverManager - Using chromedriver 99.0.4844.51 (resolved driver for Chrome 99)
[TestNG-tests-1] INFO io.github.bonigarcia.wdm.WebDriverManager - Exporting webdriver.chrome.driver as C:\Users\Pavle\.cache\selenium\chromedriver\win32\99.0.4844.51\chromedriver.exe
[TestNG-tests-1] INFO io.github.bonigarcia.wdm.WebDriverManager - Using chromedriver 99.0.4844.51 (resolved driver for Chrome 99)
[TestNG-tests-1] INFO io.github.bonigarcia.wdm.WebDriverManager - Exporting webdriver.chrome.driver as C:\Users\Pavle\.cache\selenium\chromedriver\win32\99.0.4844.51\chromedriver.exe
Starting ChromeDriver 99.0.4844.51 (d537ec02474b5afe23684e7963d538896c63ac77-refs/branch-heads/4844@{#875}) on port 65334
Only local connections are allowed.
Please see https://chromedriver.chromium.org/security-considerations for suggestions on keeping ChromeDriver safe.
ChromeDriver was started successfully.
Mar 17, 2022 2:53:56 AM org.openqa.selenium.remote.ProtocolHandshake createSession
INFO: Detected dialect: W3C
Mar 17, 2022 2:53:56 AM org.openqa.selenium.devtools.CdpVersionFinder findNearestMatch
WARNING: Unable to find an exact match for CDP version 99, so returning the closest version found: 97
Mar 17, 2022 2:53:56 AM org.openqa.selenium.devtools.CdpVersionFinder findNearestMatch
INFO: Found CDP implementation for version 99 of 97
]]></system-err>
  </testcase>
  <testcase name="homePageValidation" classname="homePageValidation.LinkValidation" time="20.842">
    <system-out><![CDATA[200
200
200
200
200
200
200
200
200
200
200
200
200
02:54:16.317 [TestNG-tests-3] INFO   - homePageValidation: PASSED WOOOHOOO!
]]></system-out>
  </testcase>
</testsuite>