<?xml version="1.0" encoding="UTF-8"?>
<testng-results ignored="0" total="1" passed="1" failed="0" skipped="0">
  <reporter-output>
  </reporter-output>
  <suite started-at="2022-03-25T13:00:33 CET" name="Default suite" finished-at="2022-03-25T13:00:44 CET" duration-ms="11273">
    <groups>
    </groups>
    <test started-at="2022-03-25T13:00:33 CET" name="Default test" finished-at="2022-03-25T13:00:44 CET" duration-ms="11273">
      <class name="newTestWn.RSASubscribeTest">
        <test-method signature="subscribeRSATest()[pri:0, instance:newTestWn.RSASubscribeTest@2c7d121c]" started-at="2022-03-25T13:00:33 CET" name="subscribeRSATest" finished-at="2022-03-25T13:00:44 CET" duration-ms="10531" status="PASS">
          <reporter-output>
          </reporter-output>
        </test-method> <!-- subscribeRSATest -->
        <test-method is-config="true" signature="afterMethod()[pri:0, instance:newTestWn.RSASubscribeTest@2c7d121c]" started-at="2022-03-25T13:00:44 CET" name="afterMethod" finished-at="2022-03-25T13:00:44 CET" duration-ms="700" status="PASS">
          <reporter-output>
          </reporter-output>
        </test-method> <!-- afterMethod -->
      </class> <!-- newTestWn.RSASubscribeTest -->
    </test> <!-- Default test -->
  </suite> <!-- Default suite -->
</testng-results>
